<?xml version="1.0" encoding="UTF-8"?>
<!-- Generated by org.testng.reporters.JUnitReportReporter -->
<testsuite hostname="Roushan" failures="0" tests="2" name="selenium.tests.test1" time="18.610" errors="0" timestamp="2025-07-04T20:43:12 IST" skipped="0">
  <testcase classname="selenium.tests.test1" name="fillForm" time="9.324"/>
  <testcase classname="selenium.tests.test1" name="fillForm" time="9.286"/>
</testsuite> <!-- selenium.tests.test1 -->
