<?xml version="1.0" encoding="UTF-8"?>
<!-- Generated by org.testng.reporters.JUnitReportReporter -->
<testsuite hostname="Roushan" failures="0" tests="1" name="cucumberRunner.cucumberRunner" time="17.801" errors="0" timestamp="2025-07-06T12:58:07 IST" skipped="0">
  <testcase classname="cucumberRunner.cucumberRunner" name="runScenario" time="17.801"/>
</testsuite> <!-- cucumberRunner.cucumberRunner -->
